<?xml version="1.0" encoding="UTF-8"?>
<testng-results skipped="0" failed="0" total="2" passed="2">
  <reporter-output>
  </reporter-output>
  <suite name="SmokeSuite" duration-ms="186454" started-at="2016-10-31T11:32:19Z" finished-at="2016-10-31T11:35:26Z">
    <groups>
    </groups>
    <test name="run on device 1" duration-ms="186454" started-at="2016-10-31T11:32:19Z" finished-at="2016-10-31T11:35:26Z">
      <class name="Deflt.mainpgm">
        <test-method status="PASS" signature="testsetup(java.lang.String, java.lang.String)[pri:0, instance:Deflt.mainpgm@1593948d]" name="testsetup" is-config="true" duration-ms="45670" started-at="2016-10-31T17:02:19Z" finished-at="2016-10-31T17:03:05Z">
          <params>
            <param index="0">
              <value>
                <![CDATA[4723]]>
              </value>
            </param>
            <param index="1">
              <value>
                <![CDATA[192.168.2.37:5555]]>
              </value>
            </param>
          </params>
          <reporter-output>
          </reporter-output>
        </test-method> <!-- testsetup -->
        <test-method status="PASS" signature="ValidLoginTest()[pri:0, instance:Deflt.mainpgm@1593948d]" name="ValidLoginTest" duration-ms="28" started-at="2016-10-31T17:03:05Z" finished-at="2016-10-31T17:03:05Z">
          <reporter-output>
          </reporter-output>
        </test-method> <!-- ValidLoginTest -->
        <test-method status="PASS" signature="InvalidValidLoginTest()[pri:0, instance:Deflt.mainpgm@1593948d]" name="InvalidValidLoginTest" duration-ms="139183" started-at="2016-10-31T17:03:05Z" finished-at="2016-10-31T17:05:24Z">
          <reporter-output>
          </reporter-output>
        </test-method> <!-- InvalidValidLoginTest -->
        <test-method status="PASS" signature="quit()[pri:0, instance:Deflt.mainpgm@1593948d]" name="quit" is-config="true" duration-ms="1447" started-at="2016-10-31T17:05:24Z" finished-at="2016-10-31T17:05:26Z">
          <reporter-output>
          </reporter-output>
        </test-method> <!-- quit -->
      </class> <!-- Deflt.mainpgm -->
    </test> <!-- run on device 1 -->
  </suite> <!-- SmokeSuite -->
</testng-results>
