<?xml version="1.0" encoding="UTF-8"?>
<testng-results skipped="0" failed="0" total="4" passed="4">
  <reporter-output>
  </reporter-output>
  <suite name="Default suite" duration-ms="137455" started-at="2016-12-01T13:54:40Z" finished-at="2016-12-01T13:56:58Z">
    <groups>
    </groups>
    <test name="Default test" duration-ms="137455" started-at="2016-12-01T13:54:40Z" finished-at="2016-12-01T13:56:58Z">
      <class name="testcases.SmokeTest">
        <test-method status="PASS" signature="Setup()[pri:0, instance:testcases.SmokeTest@58651fd0]" name="Setup" is-config="true" duration-ms="36978" started-at="2016-12-01T19:24:40Z" finished-at="2016-12-01T19:25:17Z">
          <reporter-output>
          </reporter-output>
        </test-method> <!-- Setup -->
        <test-method status="PASS" signature="LaunchedApplication()[pri:0, instance:testcases.SmokeTest@58651fd0]" name="LaunchedApplication" duration-ms="75" started-at="2016-12-01T19:25:17Z" finished-at="2016-12-01T19:25:17Z">
          <reporter-output>
          </reporter-output>
        </test-method> <!-- LaunchedApplication -->
        <test-method status="PASS" signature="VerifyVideosMenu()[pri:0, instance:testcases.SmokeTest@58651fd0]" name="VerifyVideosMenu" duration-ms="77398" started-at="2016-12-01T19:25:18Z" finished-at="2016-12-01T19:26:35Z">
          <reporter-output>
          </reporter-output>
        </test-method> <!-- VerifyVideosMenu -->
        <test-method status="PASS" signature="VerifyVisitDemoPage()[pri:0, instance:testcases.SmokeTest@58651fd0]" name="VerifyVisitDemoPage" duration-ms="17738" started-at="2016-12-01T19:26:35Z" finished-at="2016-12-01T19:26:53Z">
          <reporter-output>
          </reporter-output>
        </test-method> <!-- VerifyVisitDemoPage -->
        <test-method status="PASS" signature="signup()[pri:0, instance:testcases.SmokeTest@58651fd0]" name="signup" duration-ms="5177" started-at="2016-12-01T19:26:53Z" finished-at="2016-12-01T19:26:58Z">
          <reporter-output>
          </reporter-output>
        </test-method> <!-- signup -->
      </class> <!-- testcases.SmokeTest -->
    </test> <!-- Default test -->
  </suite> <!-- Default suite -->
</testng-results>
