<?xml version="1.0" encoding="UTF-8"?>
<testng-results skipped="0" failed="1" total="3" passed="2">
  <reporter-output>
  </reporter-output>
  <suite name="Default suite" duration-ms="30072" started-at="2016-11-25T07:17:00Z" finished-at="2016-11-25T07:17:30Z">
    <groups>
    </groups>
    <test name="Default test" duration-ms="30072" started-at="2016-11-25T07:17:00Z" finished-at="2016-11-25T07:17:30Z">
      <class name="mainPgm.SmokeTest">
        <test-method status="PASS" signature="Install()[pri:0, instance:mainPgm.SmokeTest@224edc67]" name="Install" duration-ms="24460" started-at="2016-11-25T12:47:00Z" finished-at="2016-11-25T12:47:25Z">
          <reporter-output>
          </reporter-output>
        </test-method> <!-- Install -->
        <test-method status="PASS" signature="Registration()[pri:0, instance:mainPgm.SmokeTest@224edc67]" name="Registration" duration-ms="495" started-at="2016-11-25T12:47:25Z" finished-at="2016-11-25T12:47:25Z">
          <reporter-output>
          </reporter-output>
        </test-method> <!-- Registration -->
        <test-method status="FAIL" signature="getStarted()[pri:0, instance:mainPgm.SmokeTest@224edc67]" name="getStarted" duration-ms="4977" started-at="2016-11-25T12:47:25Z" finished-at="2016-11-25T12:47:30Z">
          <exception class="org.openqa.selenium.WebDriverException">
            <message>
              <![CDATA[Unable to launch the app: Error: Activity used to start app doesn't exist or cannot be launched! Make sure it exists and is a launchable activity (WARNING: The server did not provide any stacktrace information)
Command duration or timeout: 2.54 seconds
Build info: version: '3.0.0', revision: '350cf60', time: '2016-10-13 10:48:16 -0700'
System info: host: 'Lenovo', ip: '192.168.2.61', os.name: 'Windows 10', os.arch: 'amd64', os.version: '10.0', java.version: '1.8.0_102'
Driver info: io.appium.java_client.android.AndroidDriver
Capabilities [{app=C:\App\base.apk, networkConnectionEnabled=true, warnings={}, databaseEnabled=false, deviceName=A001, platform=LINUX, desired={app=C:\App\base.apk, newCommandTimeout=5000, platformName=Android, deviceName=A001}, newCommandTimeout=5000, platformVersion=4.1, webStorageEnabled=false, locationContextEnabled=false, browserName=Android, takesScreenshot=true, javascriptEnabled=true, platformName=Android}]
Session ID: f4f6dae9-6ce1-4e84-bdb9-08640cc60f1c]]>
            </message>
            <full-stacktrace>
              <![CDATA[org.openqa.selenium.WebDriverException: Unable to launch the app: Error: Activity used to start app doesn't exist or cannot be launched! Make sure it exists and is a launchable activity (WARNING: The server did not provide any stacktrace information)
Command duration or timeout: 2.54 seconds
Build info: version: '3.0.0', revision: '350cf60', time: '2016-10-13 10:48:16 -0700'
System info: host: 'Lenovo', ip: '192.168.2.61', os.name: 'Windows 10', os.arch: 'amd64', os.version: '10.0', java.version: '1.8.0_102'
Driver info: io.appium.java_client.android.AndroidDriver
Capabilities [{app=C:\App\base.apk, networkConnectionEnabled=true, warnings={}, databaseEnabled=false, deviceName=A001, platform=LINUX, desired={app=C:\App\base.apk, newCommandTimeout=5000, platformName=Android, deviceName=A001}, newCommandTimeout=5000, platformVersion=4.1, webStorageEnabled=false, locationContextEnabled=false, browserName=Android, takesScreenshot=true, javascriptEnabled=true, platformName=Android}]
Session ID: f4f6dae9-6ce1-4e84-bdb9-08640cc60f1c
	at sun.reflect.NativeConstructorAccessorImpl.newInstance0(Native Method)
	at sun.reflect.NativeConstructorAccessorImpl.newInstance(Unknown Source)
	at sun.reflect.DelegatingConstructorAccessorImpl.newInstance(Unknown Source)
	at java.lang.reflect.Constructor.newInstance(Unknown Source)
	at org.openqa.selenium.remote.ErrorHandler.createThrowable(ErrorHandler.java:216)
	at org.openqa.selenium.remote.ErrorHandler.throwIfResponseFailed(ErrorHandler.java:168)
	at org.openqa.selenium.remote.RemoteWebDriver.execute(RemoteWebDriver.java:635)
	at io.appium.java_client.DefaultGenericMobileDriver.execute(DefaultGenericMobileDriver.java:40)
	at io.appium.java_client.AppiumDriver.execute(AppiumDriver.java:1)
	at io.appium.java_client.android.AndroidDriver.execute(AndroidDriver.java:1)
	at io.appium.java_client.CommandExecutionHelper.execute(CommandExecutionHelper.java:32)
	at io.appium.java_client.android.AndroidDriver.startActivity(AndroidDriver.java:266)
	at io.appium.java_client.android.AndroidDriver.startActivity(AndroidDriver.java:291)
	at mainPgm.SmokeTest.getStarted(SmokeTest.java:65)
	at sun.reflect.NativeMethodAccessorImpl.invoke0(Native Method)
	at sun.reflect.NativeMethodAccessorImpl.invoke(Unknown Source)
	at sun.reflect.DelegatingMethodAccessorImpl.invoke(Unknown Source)
	at java.lang.reflect.Method.invoke(Unknown Source)
	at org.testng.internal.MethodInvocationHelper.invokeMethod(MethodInvocationHelper.java:100)
	at org.testng.internal.Invoker.invokeMethod(Invoker.java:646)
	at org.testng.internal.Invoker.invokeTestMethod(Invoker.java:811)
	at org.testng.internal.Invoker.invokeTestMethods(Invoker.java:1129)
	at org.testng.internal.TestMethodWorker.invokeTestMethods(TestMethodWorker.java:129)
	at org.testng.internal.TestMethodWorker.run(TestMethodWorker.java:112)
	at org.testng.TestRunner.privateRun(TestRunner.java:746)
	at org.testng.TestRunner.run(TestRunner.java:600)
	at org.testng.SuiteRunner.runTest(SuiteRunner.java:366)
	at org.testng.SuiteRunner.runSequentially(SuiteRunner.java:361)
	at org.testng.SuiteRunner.privateRun(SuiteRunner.java:319)
	at org.testng.SuiteRunner.run(SuiteRunner.java:268)
	at org.testng.SuiteRunnerWorker.runSuite(SuiteRunnerWorker.java:52)
	at org.testng.SuiteRunnerWorker.run(SuiteRunnerWorker.java:86)
	at org.testng.TestNG.runSuitesSequentially(TestNG.java:1264)
	at org.testng.TestNG.runSuitesLocally(TestNG.java:1189)
	at org.testng.TestNG.runSuites(TestNG.java:1104)
	at org.testng.TestNG.run(TestNG.java:1076)
	at org.testng.remote.AbstractRemoteTestNG.run(AbstractRemoteTestNG.java:126)
	at org.testng.remote.RemoteTestNG.initAndRun(RemoteTestNG.java:152)
	at org.testng.remote.RemoteTestNG.main(RemoteTestNG.java:57)
]]>
            </full-stacktrace>
          </exception> <!-- org.openqa.selenium.WebDriverException -->
          <reporter-output>
          </reporter-output>
        </test-method> <!-- getStarted -->
      </class> <!-- mainPgm.SmokeTest -->
    </test> <!-- Default test -->
  </suite> <!-- Default suite -->
</testng-results>
