<?xml version="1.0" encoding="UTF-8"?>
<!-- Generated by org.testng.reporters.JUnitXMLReporter -->
<testsuite hostname="Lenovo" name="Default test" tests="4" failures="0" timestamp="1 Dec 2016 13:56:59 GMT" time="137.455" errors="0">
  <testcase name="LaunchedApplication" time="0.075" classname="testcases.SmokeTest"/>
  <testcase name="VerifyVideosMenu" time="77.398" classname="testcases.SmokeTest"/>
  <testcase name="VerifyVisitDemoPage" time="17.738" classname="testcases.SmokeTest"/>
  <testcase name="signup" time="5.177" classname="testcases.SmokeTest"/>
</testsuite> <!-- Default test -->
